<?xml version="1.0" encoding="UTF-8"?>
<testng-results skipped="0" failed="1" total="2" passed="1">
  <reporter-output>
  </reporter-output>
  <suite name="Default suite" duration-ms="70790" started-at="2018-03-19T21:08:57Z" finished-at="2018-03-19T21:10:08Z">
    <groups>
    </groups>
    <test name="Default test" duration-ms="70790" started-at="2018-03-19T21:08:57Z" finished-at="2018-03-19T21:10:08Z">
      <class name="toWebDriver_02_BRS.ProdcutCellBRS">
        <test-method status="FAIL" signature="checkOutCYOItem_HD_WF_SY()[pri:0, instance:toWebDriver_02_BRS.ProdcutCellBRS@1efbd816]" name="checkOutCYOItem_HD_WF_SY" duration-ms="70773" started-at="2018-03-19T17:08:57Z" finished-at="2018-03-19T17:10:08Z">
          <exception class="java.lang.NullPointerException">
            <full-stacktrace>
              <![CDATA[java.lang.NullPointerException
	at org.openqa.selenium.support.ui.ExpectedConditions.elementIfVisible(ExpectedConditions.java:302)
	at org.openqa.selenium.support.ui.ExpectedConditions.access$100(ExpectedConditions.java:41)
	at org.openqa.selenium.support.ui.ExpectedConditions$7.apply(ExpectedConditions.java:205)
	at org.openqa.selenium.support.ui.ExpectedConditions$7.apply(ExpectedConditions.java:201)
	at org.openqa.selenium.support.ui.FluentWait.until(FluentWait.java:238)
	at toWebDriver_02_BRS.ProdcutCellBRS.addAddOnItem(ProdcutCellBRS.java:678)
	at toWebDriver_02_BRS.ProdcutCellBRS.checkOutCYOItem_HD_WF_SY(ProdcutCellBRS.java:204)
	at sun.reflect.NativeMethodAccessorImpl.invoke0(Native Method)
	at sun.reflect.NativeMethodAccessorImpl.invoke(NativeMethodAccessorImpl.java:62)
	at sun.reflect.DelegatingMethodAccessorImpl.invoke(DelegatingMethodAccessorImpl.java:43)
	at java.lang.reflect.Method.invoke(Method.java:483)
	at org.testng.internal.MethodInvocationHelper.invokeMethod(MethodInvocationHelper.java:85)
	at org.testng.internal.Invoker.invokeMethod(Invoker.java:639)
	at org.testng.internal.Invoker.invokeTestMethod(Invoker.java:816)
	at org.testng.internal.Invoker.invokeTestMethods(Invoker.java:1124)
	at org.testng.internal.TestMethodWorker.invokeTestMethods(TestMethodWorker.java:125)
	at org.testng.internal.TestMethodWorker.run(TestMethodWorker.java:108)
	at org.testng.TestRunner.privateRun(TestRunner.java:774)
	at org.testng.TestRunner.run(TestRunner.java:624)
	at org.testng.SuiteRunner.runTest(SuiteRunner.java:359)
	at org.testng.SuiteRunner.runSequentially(SuiteRunner.java:354)
	at org.testng.SuiteRunner.privateRun(SuiteRunner.java:312)
	at org.testng.SuiteRunner.run(SuiteRunner.java:261)
	at org.testng.SuiteRunnerWorker.runSuite(SuiteRunnerWorker.java:52)
	at org.testng.SuiteRunnerWorker.run(SuiteRunnerWorker.java:86)
	at org.testng.TestNG.runSuitesSequentially(TestNG.java:1215)
	at org.testng.TestNG.runSuitesLocally(TestNG.java:1140)
	at org.testng.TestNG.run(TestNG.java:1048)
	at org.testng.remote.AbstractRemoteTestNG.run(AbstractRemoteTestNG.java:114)
	at org.testng.remote.RemoteTestNG.initAndRun(RemoteTestNG.java:251)
	at org.testng.remote.RemoteTestNG.main(RemoteTestNG.java:77)
]]>
            </full-stacktrace>
          </exception> <!-- java.lang.NullPointerException -->
          <reporter-output>
          </reporter-output>
        </test-method> <!-- checkOutCYOItem_HD_WF_SY -->
        <test-method status="PASS" signature="taxValidation_HD_WF_SY()[pri:0, instance:toWebDriver_02_BRS.ProdcutCellBRS@1efbd816]" name="taxValidation_HD_WF_SY" duration-ms="2" started-at="2018-03-19T17:10:08Z" finished-at="2018-03-19T17:10:08Z">
          <reporter-output>
          </reporter-output>
        </test-method> <!-- taxValidation_HD_WF_SY -->
      </class> <!-- toWebDriver_02_BRS.ProdcutCellBRS -->
    </test> <!-- Default test -->
  </suite> <!-- Default suite -->
</testng-results>
